<?xml version="1.0" encoding="UTF-8"?>
<testsuite xmlns:xsi="http://www.w3.org/2001/XMLSchema-instance" xsi:noNamespaceSchemaLocation="https://maven.apache.org/surefire/maven-surefire-plugin/xsd/surefire-test-report-3.0.xsd" version="3.0" name="io.debezium.connector.jdbc.JdbcSinkConnectorConfigTest" time="0.069" tests="9" errors="0" skipped="0" failures="0">
  <properties>
    <property name="dbz.test.data.dir" value="/Users/ibnu.muhammad/Documents/github/ibnummuhammad/debezium-connector-jdbc/target/data"/>
    <property name="java.specification.version" value="21"/>
    <property name="sun.jnu.encoding" value="UTF-8"/>
    <property name="java.class.path" value="/Users/ibnu.muhammad/Documents/github/ibnummuhammad/debezium-connector-jdbc/target/test-classes:/Users/ibnu.muhammad/Documents/github/ibnummuhammad/debezium-connector-jdbc/target/classes:/Users/ibnu.muhammad/.m2/repository/io/debezium/debezium-core/2.6.2.Final/debezium-core-2.6.2.Final.jar:/Users/ibnu.muhammad/.m2/repository/io/debezium/debezium-api/2.6.2.Final/debezium-api-2.6.2.Final.jar:/Users/ibnu.muhammad/.m2/repository/com/fasterxml/jackson/core/jackson-core/2.16.0/jackson-core-2.16.0.jar:/Users/ibnu.muhammad/.m2/repository/com/fasterxml/jackson/core/jackson-databind/2.16.0/jackson-databind-2.16.0.jar:/Users/ibnu.muhammad/.m2/repository/com/fasterxml/jackson/datatype/jackson-datatype-jsr310/2.16.0/jackson-datatype-jsr310-2.16.0.jar:/Users/ibnu.muhammad/.m2/repository/org/apache/kafka/connect-api/3.7.0/connect-api-3.7.0.jar:/Users/ibnu.muhammad/.m2/repository/org/apache/kafka/kafka-clients/3.7.0/kafka-clients-3.7.0.jar:/Users/ibnu.muhammad/.m2/repository/com/github/luben/zstd-jni/1.5.5-6/zstd-jni-1.5.5-6.jar:/Users/ibnu.muhammad/.m2/repository/org/lz4/lz4-java/1.8.0/lz4-java-1.8.0.jar:/Users/ibnu.muhammad/.m2/repository/org/xerial/snappy/snappy-java/1.1.10.5/snappy-java-1.1.10.5.jar:/Users/ibnu.muhammad/.m2/repository/javax/ws/rs/javax.ws.rs-api/2.1.1/javax.ws.rs-api-2.1.1.jar:/Users/ibnu.muhammad/.m2/repository/org/apache/kafka/connect-runtime/3.7.0/connect-runtime-3.7.0.jar:/Users/ibnu.muhammad/.m2/repository/org/apache/kafka/connect-json/3.7.0/connect-json-3.7.0.jar:/Users/ibnu.muhammad/.m2/repository/com/fasterxml/jackson/datatype/jackson-datatype-jdk8/2.16.0/jackson-datatype-jdk8-2.16.0.jar:/Users/ibnu.muhammad/.m2/repository/org/apache/kafka/connect-transforms/3.7.0/connect-transforms-3.7.0.jar:/Users/ibnu.muhammad/.m2/repository/ch/qos/reload4j/reload4j/1.2.25/reload4j-1.2.25.jar:/Users/ibnu.muhammad/.m2/repository/org/bitbucket/b_c/jose4j/0.9.4/jose4j-0.9.4.jar:/Users/ibnu.muhammad/.m2/repository/com/fasterxml/jackson/core/jackson-annotations/2.16.0/jackson-annotations-2.16.0.jar:/Users/ibnu.muhammad/.m2/repository/com/fasterxml/jackson/jaxrs/jackson-jaxrs-json-provider/2.16.0/jackson-jaxrs-json-provider-2.16.0.jar:/Users/ibnu.muhammad/.m2/repository/com/fasterxml/jackson/jaxrs/jackson-jaxrs-base/2.16.0/jackson-jaxrs-base-2.16.0.jar:/Users/ibnu.muhammad/.m2/repository/com/fasterxml/jackson/module/jackson-module-jaxb-annotations/2.16.0/jackson-module-jaxb-annotations-2.16.0.jar:/Users/ibnu.muhammad/.m2/repository/org/glassfish/jersey/containers/jersey-container-servlet/2.39.1/jersey-container-servlet-2.39.1.jar:/Users/ibnu.muhammad/.m2/repository/org/glassfish/jersey/containers/jersey-container-servlet-core/2.39.1/jersey-container-servlet-core-2.39.1.jar:/Users/ibnu.muhammad/.m2/repository/org/glassfish/hk2/external/jakarta.inject/2.6.1/jakarta.inject-2.6.1.jar:/Users/ibnu.muhammad/.m2/repository/org/glassfish/jersey/core/jersey-common/2.39.1/jersey-common-2.39.1.jar:/Users/ibnu.muhammad/.m2/repository/jakarta/annotation/jakarta.annotation-api/1.3.5/jakarta.annotation-api-1.3.5.jar:/Users/ibnu.muhammad/.m2/repository/org/glassfish/hk2/osgi-resource-locator/1.0.3/osgi-resource-locator-1.0.3.jar:/Users/ibnu.muhammad/.m2/repository/org/glassfish/jersey/core/jersey-server/2.39.1/jersey-server-2.39.1.jar:/Users/ibnu.muhammad/.m2/repository/org/glassfish/jersey/core/jersey-client/2.39.1/jersey-client-2.39.1.jar:/Users/ibnu.muhammad/.m2/repository/jakarta/validation/jakarta.validation-api/2.0.2/jakarta.validation-api-2.0.2.jar:/Users/ibnu.muhammad/.m2/repository/jakarta/ws/rs/jakarta.ws.rs-api/2.1.6/jakarta.ws.rs-api-2.1.6.jar:/Users/ibnu.muhammad/.m2/repository/org/glassfish/jersey/inject/jersey-hk2/2.39.1/jersey-hk2-2.39.1.jar:/Users/ibnu.muhammad/.m2/repository/org/glassfish/hk2/hk2-locator/2.6.1/hk2-locator-2.6.1.jar:/Users/ibnu.muhammad/.m2/repository/org/glassfish/hk2/external/aopalliance-repackaged/2.6.1/aopalliance-repackaged-2.6.1.jar:/Users/ibnu.muhammad/.m2/repository/org/glassfish/hk2/hk2-api/2.6.1/hk2-api-2.6.1.jar:/Users/ibnu.muhammad/.m2/repository/org/glassfish/hk2/hk2-utils/2.6.1/hk2-utils-2.6.1.jar:/Users/ibnu.muhammad/.m2/repository/org/javassist/javassist/3.29.0-GA/javassist-3.29.0-GA.jar:/Users/ibnu.muhammad/.m2/repository/javax/xml/bind/jaxb-api/2.3.1/jaxb-api-2.3.1.jar:/Users/ibnu.muhammad/.m2/repository/javax/activation/javax.activation-api/1.2.0/javax.activation-api-1.2.0.jar:/Users/ibnu.muhammad/.m2/repository/javax/activation/activation/1.1.1/activation-1.1.1.jar:/Users/ibnu.muhammad/.m2/repository/org/eclipse/jetty/jetty-server/9.4.53.v20231009/jetty-server-9.4.53.v20231009.jar:/Users/ibnu.muhammad/.m2/repository/javax/servlet/javax.servlet-api/3.1.0/javax.servlet-api-3.1.0.jar:/Users/ibnu.muhammad/.m2/repository/org/eclipse/jetty/jetty-http/9.4.53.v20231009/jetty-http-9.4.53.v20231009.jar:/Users/ibnu.muhammad/.m2/repository/org/eclipse/jetty/jetty-io/9.4.53.v20231009/jetty-io-9.4.53.v20231009.jar:/Users/ibnu.muhammad/.m2/repository/org/eclipse/jetty/jetty-servlet/9.4.12.v20180830/jetty-servlet-9.4.12.v20180830.jar:/Users/ibnu.muhammad/.m2/repository/org/eclipse/jetty/jetty-security/9.4.12.v20180830/jetty-security-9.4.12.v20180830.jar:/Users/ibnu.muhammad/.m2/repository/org/eclipse/jetty/jetty-servlets/9.4.53.v20231009/jetty-servlets-9.4.53.v20231009.jar:/Users/ibnu.muhammad/.m2/repository/org/eclipse/jetty/jetty-continuation/9.4.53.v20231009/jetty-continuation-9.4.53.v20231009.jar:/Users/ibnu.muhammad/.m2/repository/org/eclipse/jetty/jetty-util/9.4.53.v20231009/jetty-util-9.4.53.v20231009.jar:/Users/ibnu.muhammad/.m2/repository/org/eclipse/jetty/jetty-client/9.4.53.v20231009/jetty-client-9.4.53.v20231009.jar:/Users/ibnu.muhammad/.m2/repository/org/reflections/reflections/0.9.12/reflections-0.9.12.jar:/Users/ibnu.muhammad/.m2/repository/org/apache/maven/maven-artifact/3.8.8/maven-artifact-3.8.8.jar:/Users/ibnu.muhammad/.m2/repository/org/codehaus/plexus/plexus-utils/3.3.1/plexus-utils-3.3.1.jar:/Users/ibnu.muhammad/.m2/repository/org/apache/commons/commons-lang3/3.8.1/commons-lang3-3.8.1.jar:/Users/ibnu.muhammad/.m2/repository/io/swagger/core/v3/swagger-annotations/2.2.8/swagger-annotations-2.2.8.jar:/Users/ibnu.muhammad/.m2/repository/org/slf4j/slf4j-api/1.7.36/slf4j-api-1.7.36.jar:/Users/ibnu.muhammad/.m2/repository/io/debezium/debezium-ide-configs/2.6.2.Final/debezium-ide-configs-2.6.2.Final.jar:/Users/ibnu.muhammad/.m2/repository/io/debezium/debezium-checkstyle/2.6.2.Final/debezium-checkstyle-2.6.2.Final.jar:/Users/ibnu.muhammad/.m2/repository/com/puppycrawl/tools/checkstyle/10.1/checkstyle-10.1.jar:/Users/ibnu.muhammad/.m2/repository/info/picocli/picocli/4.6.3/picocli-4.6.3.jar:/Users/ibnu.muhammad/.m2/repository/commons-beanutils/commons-beanutils/1.9.4/commons-beanutils-1.9.4.jar:/Users/ibnu.muhammad/.m2/repository/commons-logging/commons-logging/1.2/commons-logging-1.2.jar:/Users/ibnu.muhammad/.m2/repository/commons-collections/commons-collections/3.2.2/commons-collections-3.2.2.jar:/Users/ibnu.muhammad/.m2/repository/com/google/guava/guava/31.1-jre/guava-31.1-jre.jar:/Users/ibnu.muhammad/.m2/repository/com/google/guava/failureaccess/1.0.1/failureaccess-1.0.1.jar:/Users/ibnu.muhammad/.m2/repository/com/google/guava/listenablefuture/9999.0-empty-to-avoid-conflict-with-guava/listenablefuture-9999.0-empty-to-avoid-conflict-with-guava.jar:/Users/ibnu.muhammad/.m2/repository/com/google/code/findbugs/jsr305/3.0.2/jsr305-3.0.2.jar:/Users/ibnu.muhammad/.m2/repository/com/google/errorprone/error_prone_annotations/2.11.0/error_prone_annotations-2.11.0.jar:/Users/ibnu.muhammad/.m2/repository/com/google/j2objc/j2objc-annotations/1.3/j2objc-annotations-1.3.jar:/Users/ibnu.muhammad/.m2/repository/net/sf/saxon/Saxon-HE/10.6/Saxon-HE-10.6.jar:/Users/ibnu.muhammad/.m2/repository/io/debezium/debezium-assembly-descriptors/2.6.2.Final/debezium-assembly-descriptors-2.6.2.Final.jar:/Users/ibnu.muhammad/.m2/repository/io/debezium/debezium-revapi/2.6.2.Final/debezium-revapi-2.6.2.Final.jar:/Users/ibnu.muhammad/.m2/repository/org/hibernate/orm/hibernate-core/6.2.18.Final/hibernate-core-6.2.18.Final.jar:/Users/ibnu.muhammad/.m2/repository/jakarta/persistence/jakarta.persistence-api/3.1.0/jakarta.persistence-api-3.1.0.jar:/Users/ibnu.muhammad/.m2/repository/jakarta/transaction/jakarta.transaction-api/2.0.1/jakarta.transaction-api-2.0.1.jar:/Users/ibnu.muhammad/.m2/repository/org/jboss/logging/jboss-logging/3.5.0.Final/jboss-logging-3.5.0.Final.jar:/Users/ibnu.muhammad/.m2/repository/org/hibernate/common/hibernate-commons-annotations/6.0.6.Final/hibernate-commons-annotations-6.0.6.Final.jar:/Users/ibnu.muhammad/.m2/repository/io/smallrye/jandex/3.0.5/jandex-3.0.5.jar:/Users/ibnu.muhammad/.m2/repository/com/fasterxml/classmate/1.5.1/classmate-1.5.1.jar:/Users/ibnu.muhammad/.m2/repository/net/bytebuddy/byte-buddy/1.14.7/byte-buddy-1.14.7.jar:/Users/ibnu.muhammad/.m2/repository/jakarta/xml/bind/jakarta.xml.bind-api/4.0.0/jakarta.xml.bind-api-4.0.0.jar:/Users/ibnu.muhammad/.m2/repository/jakarta/activation/jakarta.activation-api/2.1.0/jakarta.activation-api-2.1.0.jar:/Users/ibnu.muhammad/.m2/repository/org/glassfish/jaxb/jaxb-runtime/4.0.2/jaxb-runtime-4.0.2.jar:/Users/ibnu.muhammad/.m2/repository/org/glassfish/jaxb/jaxb-core/4.0.2/jaxb-core-4.0.2.jar:/Users/ibnu.muhammad/.m2/repository/org/eclipse/angus/angus-activation/2.0.0/angus-activation-2.0.0.jar:/Users/ibnu.muhammad/.m2/repository/org/glassfish/jaxb/txw2/4.0.2/txw2-4.0.2.jar:/Users/ibnu.muhammad/.m2/repository/com/sun/istack/istack-commons-runtime/4.1.1/istack-commons-runtime-4.1.1.jar:/Users/ibnu.muhammad/.m2/repository/jakarta/inject/jakarta.inject-api/2.0.1/jakarta.inject-api-2.0.1.jar:/Users/ibnu.muhammad/.m2/repository/org/antlr/antlr4-runtime/4.10.1/antlr4-runtime-4.10.1.jar:/Users/ibnu.muhammad/.m2/repository/org/hibernate/orm/hibernate-c3p0/6.2.18.Final/hibernate-c3p0-6.2.18.Final.jar:/Users/ibnu.muhammad/.m2/repository/com/mchange/c3p0/0.9.5.5/c3p0-0.9.5.5.jar:/Users/ibnu.muhammad/.m2/repository/com/mchange/mchange-commons-java/0.2.19/mchange-commons-java-0.2.19.jar:/Users/ibnu.muhammad/.m2/repository/ch/qos/logback/logback-classic/1.2.13/logback-classic-1.2.13.jar:/Users/ibnu.muhammad/.m2/repository/ch/qos/logback/logback-core/1.2.13/logback-core-1.2.13.jar:/Users/ibnu.muhammad/.m2/repository/org/junit/jupiter/junit-jupiter/5.9.1/junit-jupiter-5.9.1.jar:/Users/ibnu.muhammad/.m2/repository/org/junit/jupiter/junit-jupiter-api/5.9.1/junit-jupiter-api-5.9.1.jar:/Users/ibnu.muhammad/.m2/repository/org/opentest4j/opentest4j/1.2.0/opentest4j-1.2.0.jar:/Users/ibnu.muhammad/.m2/repository/org/junit/platform/junit-platform-commons/1.9.1/junit-platform-commons-1.9.1.jar:/Users/ibnu.muhammad/.m2/repository/org/junit/jupiter/junit-jupiter-params/5.9.1/junit-jupiter-params-5.9.1.jar:/Users/ibnu.muhammad/.m2/repository/org/junit/jupiter/junit-jupiter-engine/5.9.1/junit-jupiter-engine-5.9.1.jar:/Users/ibnu.muhammad/.m2/repository/org/junit/platform/junit-platform-launcher/1.9.3/junit-platform-launcher-1.9.3.jar:/Users/ibnu.muhammad/.m2/repository/org/junit/platform/junit-platform-engine/1.9.3/junit-platform-engine-1.9.3.jar:/Users/ibnu.muhammad/.m2/repository/org/apiguardian/apiguardian-api/1.1.2/apiguardian-api-1.1.2.jar:/Users/ibnu.muhammad/.m2/repository/org/easytesting/fest-assert/1.4/fest-assert-1.4.jar:/Users/ibnu.muhammad/.m2/repository/org/easytesting/fest-util/1.1.6/fest-util-1.1.6.jar:/Users/ibnu.muhammad/.m2/repository/io/debezium/debezium-core/2.6.2.Final/debezium-core-2.6.2.Final-tests.jar:/Users/ibnu.muhammad/.m2/repository/io/debezium/debezium-embedded/2.6.2.Final/debezium-embedded-2.6.2.Final-tests.jar:/Users/ibnu.muhammad/.m2/repository/org/apache/kafka/connect-file/3.7.0/connect-file-3.7.0.jar:/Users/ibnu.muhammad/.m2/repository/io/debezium/debezium-testing-testcontainers/2.6.2.Final/debezium-testing-testcontainers-2.6.2.Final.jar:/Users/ibnu.muhammad/.m2/repository/org/testcontainers/testcontainers/1.19.1/testcontainers-1.19.1.jar:/Users/ibnu.muhammad/.m2/repository/junit/junit/4.13.1/junit-4.13.1.jar:/Users/ibnu.muhammad/.m2/repository/org/hamcrest/hamcrest-core/1.3/hamcrest-core-1.3.jar:/Users/ibnu.muhammad/.m2/repository/org/apache/commons/commons-compress/1.24.0/commons-compress-1.24.0.jar:/Users/ibnu.muhammad/.m2/repository/org/rnorth/duct-tape/duct-tape/1.0.8/duct-tape-1.0.8.jar:/Users/ibnu.muhammad/.m2/repository/org/jetbrains/annotations/17.0.0/annotations-17.0.0.jar:/Users/ibnu.muhammad/.m2/repository/com/github/docker-java/docker-java-api/3.3.3/docker-java-api-3.3.3.jar:/Users/ibnu.muhammad/.m2/repository/com/github/docker-java/docker-java-transport-zerodep/3.3.3/docker-java-transport-zerodep-3.3.3.jar:/Users/ibnu.muhammad/.m2/repository/com/github/docker-java/docker-java-transport/3.3.3/docker-java-transport-3.3.3.jar:/Users/ibnu.muhammad/.m2/repository/net/java/dev/jna/jna/5.12.1/jna-5.12.1.jar:/Users/ibnu.muhammad/.m2/repository/org/testcontainers/kafka/1.19.1/kafka-1.19.1.jar:/Users/ibnu.muhammad/.m2/repository/com/squareup/okhttp3/okhttp/4.8.1/okhttp-4.8.1.jar:/Users/ibnu.muhammad/.m2/repository/com/squareup/okio/okio/2.7.0/okio-2.7.0.jar:/Users/ibnu.muhammad/.m2/repository/org/jetbrains/kotlin/kotlin-stdlib-common/1.3.70/kotlin-stdlib-common-1.3.70.jar:/Users/ibnu.muhammad/.m2/repository/org/jetbrains/kotlin/kotlin-stdlib/1.3.72/kotlin-stdlib-1.3.72.jar:/Users/ibnu.muhammad/.m2/repository/org/awaitility/awaitility/4.0.1/awaitility-4.0.1.jar:/Users/ibnu.muhammad/.m2/repository/org/hamcrest/hamcrest/2.1/hamcrest-2.1.jar:/Users/ibnu.muhammad/.m2/repository/org/testcontainers/mongodb/1.19.1/mongodb-1.19.1.jar:/Users/ibnu.muhammad/.m2/repository/io/quarkus/quarkus-test-common/3.2.11.Final/quarkus-test-common-3.2.11.Final.jar:/Users/ibnu.muhammad/.m2/repository/io/quarkus/quarkus-core-deployment/3.2.11.Final/quarkus-core-deployment-3.2.11.Final.jar:/Users/ibnu.muhammad/.m2/repository/org/aesh/readline/2.4/readline-2.4.jar:/Users/ibnu.muhammad/.m2/repository/org/fusesource/jansi/jansi/2.4.0/jansi-2.4.0.jar:/Users/ibnu.muhammad/.m2/repository/org/aesh/aesh/2.7/aesh-2.7.jar:/Users/ibnu.muhammad/.m2/repository/org/wildfly/common/wildfly-common/1.5.4.Final-format-001/wildfly-common-1.5.4.Final-format-001.jar:/Users/ibnu.muhammad/.m2/repository/io/quarkus/gizmo/gizmo/1.6.1.Final/gizmo-1.6.1.Final.jar:/Users/ibnu.muhammad/.m2/repository/org/ow2/asm/asm-util/9.5/asm-util-9.5.jar:/Users/ibnu.muhammad/.m2/repository/org/ow2/asm/asm-analysis/9.5/asm-analysis-9.5.jar:/Users/ibnu.muhammad/.m2/repository/org/ow2/asm/asm/9.5/asm-9.5.jar:/Users/ibnu.muhammad/.m2/repository/org/ow2/asm/asm-commons/9.5/asm-commons-9.5.jar:/Users/ibnu.muhammad/.m2/repository/org/ow2/asm/asm-tree/9.5/asm-tree-9.5.jar:/Users/ibnu.muhammad/.m2/repository/io/quarkus/quarkus-development-mode-spi/3.2.11.Final/quarkus-development-mode-spi-3.2.11.Final.jar:/Users/ibnu.muhammad/.m2/repository/io/quarkus/quarkus-class-change-agent/3.2.11.Final/quarkus-class-change-agent-3.2.11.Final.jar:/Users/ibnu.muhammad/.m2/repository/io/quarkus/quarkus-bootstrap-core/3.2.11.Final/quarkus-bootstrap-core-3.2.11.Final.jar:/Users/ibnu.muhammad/.m2/repository/io/smallrye/common/smallrye-common-io/2.1.0/smallrye-common-io-2.1.0.jar:/Users/ibnu.muhammad/.m2/repository/io/quarkus/quarkus-devtools-utilities/3.2.11.Final/quarkus-devtools-utilities-3.2.11.Final.jar:/Users/ibnu.muhammad/.m2/repository/org/eclipse/sisu/org.eclipse.sisu.inject/0.3.5/org.eclipse.sisu.inject-0.3.5.jar:/Users/ibnu.muhammad/.m2/repository/io/quarkus/quarkus-core/3.2.11.Final/quarkus-core-3.2.11.Final.jar:/Users/ibnu.muhammad/.m2/repository/jakarta/enterprise/jakarta.enterprise.cdi-api/4.0.1/jakarta.enterprise.cdi-api-4.0.1.jar:/Users/ibnu.muhammad/.m2/repository/jakarta/enterprise/jakarta.enterprise.lang-model/4.0.1/jakarta.enterprise.lang-model-4.0.1.jar:/Users/ibnu.muhammad/.m2/repository/jakarta/el/jakarta.el-api/5.0.0/jakarta.el-api-5.0.0.jar:/Users/ibnu.muhammad/.m2/repository/jakarta/interceptor/jakarta.interceptor-api/2.1.0/jakarta.interceptor-api-2.1.0.jar:/Users/ibnu.muhammad/.m2/repository/io/smallrye/common/smallrye-common-os/2.1.0/smallrye-common-os-2.1.0.jar:/Users/ibnu.muhammad/.m2/repository/io/quarkus/quarkus-ide-launcher/3.2.11.Final/quarkus-ide-launcher-3.2.11.Final.jar:/Users/ibnu.muhammad/.m2/repository/io/smallrye/config/smallrye-config/3.3.2/smallrye-config-3.3.2.jar:/Users/ibnu.muhammad/.m2/repository/io/smallrye/config/smallrye-config-core/3.3.2/smallrye-config-core-3.3.2.jar:/Users/ibnu.muhammad/.m2/repository/org/eclipse/microprofile/config/microprofile-config-api/3.0.2/microprofile-config-api-3.0.2.jar:/Users/ibnu.muhammad/.m2/repository/io/smallrye/common/smallrye-common-annotation/2.1.0/smallrye-common-annotation-2.1.0.jar:/Users/ibnu.muhammad/.m2/repository/io/smallrye/common/smallrye-common-expression/2.1.0/smallrye-common-expression-2.1.0.jar:/Users/ibnu.muhammad/.m2/repository/io/smallrye/common/smallrye-common-function/2.1.0/smallrye-common-function-2.1.0.jar:/Users/ibnu.muhammad/.m2/repository/io/smallrye/common/smallrye-common-classloader/2.1.0/smallrye-common-classloader-2.1.0.jar:/Users/ibnu.muhammad/.m2/repository/io/smallrye/config/smallrye-config-common/3.3.2/smallrye-config-common-3.3.2.jar:/Users/ibnu.muhammad/.m2/repository/org/jboss/logging/jboss-logging-annotations/2.2.1.Final/jboss-logging-annotations-2.2.1.Final.jar:/Users/ibnu.muhammad/.m2/repository/org/jboss/threads/jboss-threads/3.5.0.Final/jboss-threads-3.5.0.Final.jar:/Users/ibnu.muhammad/.m2/repository/io/quarkus/quarkus-bootstrap-runner/3.2.11.Final/quarkus-bootstrap-runner-3.2.11.Final.jar:/Users/ibnu.muhammad/.m2/repository/io/github/crac/org-crac/0.1.3/org-crac-0.1.3.jar:/Users/ibnu.muhammad/.m2/repository/io/quarkus/quarkus-builder/3.2.11.Final/quarkus-builder-3.2.11.Final.jar:/Users/ibnu.muhammad/.m2/repository/org/graalvm/sdk/graal-sdk/23.0.1/graal-sdk-23.0.1.jar:/Users/ibnu.muhammad/.m2/repository/io/quarkus/quarkus-bootstrap-maven-resolver/3.2.11.Final/quarkus-bootstrap-maven-resolver-3.2.11.Final.jar:/Users/ibnu.muhammad/.m2/repository/io/smallrye/beanbag/smallrye-beanbag-maven/1.3.2/smallrye-beanbag-maven-1.3.2.jar:/Users/ibnu.muhammad/.m2/repository/io/smallrye/beanbag/smallrye-beanbag-sisu/1.3.2/smallrye-beanbag-sisu-1.3.2.jar:/Users/ibnu.muhammad/.m2/repository/io/smallrye/beanbag/smallrye-beanbag/1.3.2/smallrye-beanbag-1.3.2.jar:/Users/ibnu.muhammad/.m2/repository/io/smallrye/common/smallrye-common-constraint/2.1.0/smallrye-common-constraint-2.1.0.jar:/Users/ibnu.muhammad/.m2/repository/commons-codec/commons-codec/1.15/commons-codec-1.15.jar:/Users/ibnu.muhammad/.m2/repository/javax/inject/javax.inject/1/javax.inject-1.jar:/Users/ibnu.muhammad/.m2/repository/org/apache/httpcomponents/httpclient/4.5.14/httpclient-4.5.14.jar:/Users/ibnu.muhammad/.m2/repository/org/apache/httpcomponents/httpcore/4.4.16/httpcore-4.4.16.jar:/Users/ibnu.muhammad/.m2/repository/org/apache/maven/maven-builder-support/3.9.2/maven-builder-support-3.9.2.jar:/Users/ibnu.muhammad/.m2/repository/org/apache/maven/maven-model/3.9.2/maven-model-3.9.2.jar:/Users/ibnu.muhammad/.m2/repository/org/apache/maven/maven-model-builder/3.9.2/maven-model-builder-3.9.2.jar:/Users/ibnu.muhammad/.m2/repository/org/apache/maven/maven-repository-metadata/3.9.2/maven-repository-metadata-3.9.2.jar:/Users/ibnu.muhammad/.m2/repository/org/apache/maven/maven-settings/3.9.2/maven-settings-3.9.2.jar:/Users/ibnu.muhammad/.m2/repository/org/apache/maven/resolver/maven-resolver-api/1.9.10/maven-resolver-api-1.9.10.jar:/Users/ibnu.muhammad/.m2/repository/org/apache/maven/resolver/maven-resolver-impl/1.9.10/maven-resolver-impl-1.9.10.jar:/Users/ibnu.muhammad/.m2/repository/org/apache/maven/resolver/maven-resolver-named-locks/1.9.10/maven-resolver-named-locks-1.9.10.jar:/Users/ibnu.muhammad/.m2/repository/org/apache/maven/resolver/maven-resolver-spi/1.9.10/maven-resolver-spi-1.9.10.jar:/Users/ibnu.muhammad/.m2/repository/org/apache/maven/resolver/maven-resolver-util/1.9.10/maven-resolver-util-1.9.10.jar:/Users/ibnu.muhammad/.m2/repository/org/apache/maven/resolver/maven-resolver-transport-http/1.9.10/maven-resolver-transport-http-1.9.10.jar:/Users/ibnu.muhammad/.m2/repository/org/apache/maven/wagon/wagon-provider-api/3.5.3/wagon-provider-api-3.5.3.jar:/Users/ibnu.muhammad/.m2/repository/org/apache/maven/wagon/wagon-http-shared/3.5.3/wagon-http-shared-3.5.3.jar:/Users/ibnu.muhammad/.m2/repository/org/codehaus/plexus/plexus-interpolation/1.26/plexus-interpolation-1.26.jar:/Users/ibnu.muhammad/.m2/repository/org/codehaus/plexus/plexus-xml/4.0.0/plexus-xml-4.0.0.jar:/Users/ibnu.muhammad/.m2/repository/org/apache/maven/maven-xml-impl/4.0.0-alpha-5/maven-xml-impl-4.0.0-alpha-5.jar:/Users/ibnu.muhammad/.m2/repository/org/apache/maven/maven-api-xml/4.0.0-alpha-5/maven-api-xml-4.0.0-alpha-5.jar:/Users/ibnu.muhammad/.m2/repository/org/apache/maven/maven-api-meta/4.0.0-alpha-5/maven-api-meta-4.0.0-alpha-5.jar:/Users/ibnu.muhammad/.m2/repository/org/codehaus/plexus/plexus-cipher/2.0/plexus-cipher-2.0.jar:/Users/ibnu.muhammad/.m2/repository/org/codehaus/plexus/plexus-sec-dispatcher/2.0/plexus-sec-dispatcher-2.0.jar:/Users/ibnu.muhammad/.m2/repository/io/quarkus/quarkus-bootstrap-app-model/3.2.11.Final/quarkus-bootstrap-app-model-3.2.11.Final.jar:/Users/ibnu.muhammad/.m2/repository/io/quarkus/quarkus-fs-util/0.0.9/quarkus-fs-util-0.0.9.jar:/Users/ibnu.muhammad/.m2/repository/org/jboss/logmanager/jboss-logmanager-embedded/1.0.11/jboss-logmanager-embedded-1.0.11.jar:/Users/ibnu.muhammad/.m2/repository/org/apache/maven/maven-embedder/3.9.3/maven-embedder-3.9.3.jar:/Users/ibnu.muhammad/.m2/repository/org/apache/maven/maven-core/3.9.3/maven-core-3.9.3.jar:/Users/ibnu.muhammad/.m2/repository/org/codehaus/plexus/plexus-component-annotations/2.1.0/plexus-component-annotations-2.1.0.jar:/Users/ibnu.muhammad/.m2/repository/org/apache/maven/maven-plugin-api/3.9.3/maven-plugin-api-3.9.3.jar:/Users/ibnu.muhammad/.m2/repository/org/apache/maven/shared/maven-shared-utils/3.3.4/maven-shared-utils-3.3.4.jar:/Users/ibnu.muhammad/.m2/repository/com/google/inject/guice/5.1.0/guice-5.1.0.jar:/Users/ibnu.muhammad/.m2/repository/aopalliance/aopalliance/1.0/aopalliance-1.0.jar:/Users/ibnu.muhammad/.m2/repository/javax/annotation/javax.annotation-api/1.3.2/javax.annotation-api-1.3.2.jar:/Users/ibnu.muhammad/.m2/repository/org/codehaus/plexus/plexus-classworlds/2.7.0/plexus-classworlds-2.7.0.jar:/Users/ibnu.muhammad/.m2/repository/commons-cli/commons-cli/1.5.0/commons-cli-1.5.0.jar:/Users/ibnu.muhammad/.m2/repository/org/eclipse/sisu/org.eclipse.sisu.plexus/0.3.5/org.eclipse.sisu.plexus-0.3.5.jar:/Users/ibnu.muhammad/.m2/repository/org/apache/maven/maven-settings-builder/3.9.3/maven-settings-builder-3.9.3.jar:/Users/ibnu.muhammad/.m2/repository/org/apache/maven/maven-resolver-provider/3.9.3/maven-resolver-provider-3.9.3.jar:/Users/ibnu.muhammad/.m2/repository/org/apache/maven/resolver/maven-resolver-connector-basic/1.9.13/maven-resolver-connector-basic-1.9.13.jar:/Users/ibnu.muhammad/.m2/repository/org/apache/maven/resolver/maven-resolver-transport-wagon/1.9.13/maven-resolver-transport-wagon-1.9.13.jar:/Users/ibnu.muhammad/.m2/repository/org/apache/maven/wagon/wagon-http/3.5.3/wagon-http-3.5.3.jar:/Users/ibnu.muhammad/.m2/repository/org/apache/maven/wagon/wagon-file/3.5.3/wagon-file-3.5.3.jar:/Users/ibnu.muhammad/.m2/repository/io/quarkus/quarkus-bootstrap-gradle-resolver/3.2.11.Final/quarkus-bootstrap-gradle-resolver-3.2.11.Final.jar:/Users/ibnu.muhammad/.m2/repository/commons-io/commons-io/2.13.0/commons-io-2.13.0.jar:/Users/ibnu.muhammad/.m2/repository/org/jboss/logging/commons-logging-jboss-logging/1.0.0.Final/commons-logging-jboss-logging-1.0.0.Final.jar:/Users/ibnu.muhammad/.m2/repository/org/testcontainers/mysql/1.19.1/mysql-1.19.1.jar:/Users/ibnu.muhammad/.m2/repository/org/testcontainers/jdbc/1.19.1/jdbc-1.19.1.jar:/Users/ibnu.muhammad/.m2/repository/org/testcontainers/database-commons/1.19.1/database-commons-1.19.1.jar:/Users/ibnu.muhammad/.m2/repository/org/testcontainers/postgresql/1.19.1/postgresql-1.19.1.jar:/Users/ibnu.muhammad/.m2/repository/org/testcontainers/mssqlserver/1.19.1/mssqlserver-1.19.1.jar:/Users/ibnu.muhammad/.m2/repository/org/testcontainers/db2/1.19.1/db2-1.19.1.jar:/Users/ibnu.muhammad/.m2/repository/org/testcontainers/oracle-xe/1.19.1/oracle-xe-1.19.1.jar:/Users/ibnu.muhammad/.m2/repository/org/assertj/assertj-db/2.0.2/assertj-db-2.0.2.jar:/Users/ibnu.muhammad/.m2/repository/org/mockito/mockito-core/3.0.0/mockito-core-3.0.0.jar:/Users/ibnu.muhammad/.m2/repository/net/bytebuddy/byte-buddy-agent/1.9.10/byte-buddy-agent-1.9.10.jar:/Users/ibnu.muhammad/.m2/repository/org/objenesis/objenesis/2.6/objenesis-2.6.jar:/Users/ibnu.muhammad/.m2/repository/org/assertj/assertj-core/3.11.1/assertj-core-3.11.1.jar:/Users/ibnu.muhammad/.m2/repository/com/mysql/mysql-connector-j/8.3.0/mysql-connector-j-8.3.0.jar:/Users/ibnu.muhammad/.m2/repository/org/postgresql/postgresql/42.6.1/postgresql-42.6.1.jar:/Users/ibnu.muhammad/.m2/repository/org/checkerframework/checker-qual/3.31.0/checker-qual-3.31.0.jar:/Users/ibnu.muhammad/.m2/repository/com/microsoft/sqlserver/mssql-jdbc/12.4.2.jre8/mssql-jdbc-12.4.2.jre8.jar:/Users/ibnu.muhammad/.m2/repository/com/ibm/db2/jcc/11.5.0.0/jcc-11.5.0.0.jar:/Users/ibnu.muhammad/.m2/repository/com/oracle/database/jdbc/ojdbc8/21.11.0.0/ojdbc8-21.11.0.0.jar:"/>
    <property name="java.vm.vendor" value="Homebrew"/>
    <property name="sun.arch.data.model" value="64"/>
    <property name="java.vendor.url" value="https://github.com/Homebrew/homebrew-core/issues"/>
    <property name="user.timezone" value="Asia/Jakarta"/>
    <property name="skipLongRunningTests" value="true"/>
    <property name="os.name" value="Mac OS X"/>
    <property name="java.vm.specification.version" value="21"/>
    <property name="sun.java.launcher" value="SUN_STANDARD"/>
    <property name="user.country" value="ID"/>
    <property name="sun.boot.library.path" value="/opt/homebrew/Cellar/openjdk@21/21.0.3/libexec/openjdk.jdk/Contents/Home/lib"/>
    <property name="sun.java.command" value="/Users/ibnu.muhammad/Documents/github/ibnummuhammad/debezium-connector-jdbc/target/surefire/surefirebooter-20240803155654958_3.jar /Users/ibnu.muhammad/Documents/github/ibnummuhammad/debezium-connector-jdbc/target/surefire 2024-08-03T15-56-50_387-jvmRun1 surefire-20240803155654958_1tmp surefire_0-20240803155654958_2tmp"/>
    <property name="http.nonProxyHosts" value="local|*.local|169.254/16|*.169.254/16"/>
    <property name="jdk.debug" value="release"/>
    <property name="surefire.test.class.path" value="/Users/ibnu.muhammad/Documents/github/ibnummuhammad/debezium-connector-jdbc/target/test-classes:/Users/ibnu.muhammad/Documents/github/ibnummuhammad/debezium-connector-jdbc/target/classes:/Users/ibnu.muhammad/.m2/repository/io/debezium/debezium-core/2.6.2.Final/debezium-core-2.6.2.Final.jar:/Users/ibnu.muhammad/.m2/repository/io/debezium/debezium-api/2.6.2.Final/debezium-api-2.6.2.Final.jar:/Users/ibnu.muhammad/.m2/repository/com/fasterxml/jackson/core/jackson-core/2.16.0/jackson-core-2.16.0.jar:/Users/ibnu.muhammad/.m2/repository/com/fasterxml/jackson/core/jackson-databind/2.16.0/jackson-databind-2.16.0.jar:/Users/ibnu.muhammad/.m2/repository/com/fasterxml/jackson/datatype/jackson-datatype-jsr310/2.16.0/jackson-datatype-jsr310-2.16.0.jar:/Users/ibnu.muhammad/.m2/repository/org/apache/kafka/connect-api/3.7.0/connect-api-3.7.0.jar:/Users/ibnu.muhammad/.m2/repository/org/apache/kafka/kafka-clients/3.7.0/kafka-clients-3.7.0.jar:/Users/ibnu.muhammad/.m2/repository/com/github/luben/zstd-jni/1.5.5-6/zstd-jni-1.5.5-6.jar:/Users/ibnu.muhammad/.m2/repository/org/lz4/lz4-java/1.8.0/lz4-java-1.8.0.jar:/Users/ibnu.muhammad/.m2/repository/org/xerial/snappy/snappy-java/1.1.10.5/snappy-java-1.1.10.5.jar:/Users/ibnu.muhammad/.m2/repository/javax/ws/rs/javax.ws.rs-api/2.1.1/javax.ws.rs-api-2.1.1.jar:/Users/ibnu.muhammad/.m2/repository/org/apache/kafka/connect-runtime/3.7.0/connect-runtime-3.7.0.jar:/Users/ibnu.muhammad/.m2/repository/org/apache/kafka/connect-json/3.7.0/connect-json-3.7.0.jar:/Users/ibnu.muhammad/.m2/repository/com/fasterxml/jackson/datatype/jackson-datatype-jdk8/2.16.0/jackson-datatype-jdk8-2.16.0.jar:/Users/ibnu.muhammad/.m2/repository/org/apache/kafka/connect-transforms/3.7.0/connect-transforms-3.7.0.jar:/Users/ibnu.muhammad/.m2/repository/ch/qos/reload4j/reload4j/1.2.25/reload4j-1.2.25.jar:/Users/ibnu.muhammad/.m2/repository/org/bitbucket/b_c/jose4j/0.9.4/jose4j-0.9.4.jar:/Users/ibnu.muhammad/.m2/repository/com/fasterxml/jackson/core/jackson-annotations/2.16.0/jackson-annotations-2.16.0.jar:/Users/ibnu.muhammad/.m2/repository/com/fasterxml/jackson/jaxrs/jackson-jaxrs-json-provider/2.16.0/jackson-jaxrs-json-provider-2.16.0.jar:/Users/ibnu.muhammad/.m2/repository/com/fasterxml/jackson/jaxrs/jackson-jaxrs-base/2.16.0/jackson-jaxrs-base-2.16.0.jar:/Users/ibnu.muhammad/.m2/repository/com/fasterxml/jackson/module/jackson-module-jaxb-annotations/2.16.0/jackson-module-jaxb-annotations-2.16.0.jar:/Users/ibnu.muhammad/.m2/repository/org/glassfish/jersey/containers/jersey-container-servlet/2.39.1/jersey-container-servlet-2.39.1.jar:/Users/ibnu.muhammad/.m2/repository/org/glassfish/jersey/containers/jersey-container-servlet-core/2.39.1/jersey-container-servlet-core-2.39.1.jar:/Users/ibnu.muhammad/.m2/repository/org/glassfish/hk2/external/jakarta.inject/2.6.1/jakarta.inject-2.6.1.jar:/Users/ibnu.muhammad/.m2/repository/org/glassfish/jersey/core/jersey-common/2.39.1/jersey-common-2.39.1.jar:/Users/ibnu.muhammad/.m2/repository/jakarta/annotation/jakarta.annotation-api/1.3.5/jakarta.annotation-api-1.3.5.jar:/Users/ibnu.muhammad/.m2/repository/org/glassfish/hk2/osgi-resource-locator/1.0.3/osgi-resource-locator-1.0.3.jar:/Users/ibnu.muhammad/.m2/repository/org/glassfish/jersey/core/jersey-server/2.39.1/jersey-server-2.39.1.jar:/Users/ibnu.muhammad/.m2/repository/org/glassfish/jersey/core/jersey-client/2.39.1/jersey-client-2.39.1.jar:/Users/ibnu.muhammad/.m2/repository/jakarta/validation/jakarta.validation-api/2.0.2/jakarta.validation-api-2.0.2.jar:/Users/ibnu.muhammad/.m2/repository/jakarta/ws/rs/jakarta.ws.rs-api/2.1.6/jakarta.ws.rs-api-2.1.6.jar:/Users/ibnu.muhammad/.m2/repository/org/glassfish/jersey/inject/jersey-hk2/2.39.1/jersey-hk2-2.39.1.jar:/Users/ibnu.muhammad/.m2/repository/org/glassfish/hk2/hk2-locator/2.6.1/hk2-locator-2.6.1.jar:/Users/ibnu.muhammad/.m2/repository/org/glassfish/hk2/external/aopalliance-repackaged/2.6.1/aopalliance-repackaged-2.6.1.jar:/Users/ibnu.muhammad/.m2/repository/org/glassfish/hk2/hk2-api/2.6.1/hk2-api-2.6.1.jar:/Users/ibnu.muhammad/.m2/repository/org/glassfish/hk2/hk2-utils/2.6.1/hk2-utils-2.6.1.jar:/Users/ibnu.muhammad/.m2/repository/org/javassist/javassist/3.29.0-GA/javassist-3.29.0-GA.jar:/Users/ibnu.muhammad/.m2/repository/javax/xml/bind/jaxb-api/2.3.1/jaxb-api-2.3.1.jar:/Users/ibnu.muhammad/.m2/repository/javax/activation/javax.activation-api/1.2.0/javax.activation-api-1.2.0.jar:/Users/ibnu.muhammad/.m2/repository/javax/activation/activation/1.1.1/activation-1.1.1.jar:/Users/ibnu.muhammad/.m2/repository/org/eclipse/jetty/jetty-server/9.4.53.v20231009/jetty-server-9.4.53.v20231009.jar:/Users/ibnu.muhammad/.m2/repository/javax/servlet/javax.servlet-api/3.1.0/javax.servlet-api-3.1.0.jar:/Users/ibnu.muhammad/.m2/repository/org/eclipse/jetty/jetty-http/9.4.53.v20231009/jetty-http-9.4.53.v20231009.jar:/Users/ibnu.muhammad/.m2/repository/org/eclipse/jetty/jetty-io/9.4.53.v20231009/jetty-io-9.4.53.v20231009.jar:/Users/ibnu.muhammad/.m2/repository/org/eclipse/jetty/jetty-servlet/9.4.12.v20180830/jetty-servlet-9.4.12.v20180830.jar:/Users/ibnu.muhammad/.m2/repository/org/eclipse/jetty/jetty-security/9.4.12.v20180830/jetty-security-9.4.12.v20180830.jar:/Users/ibnu.muhammad/.m2/repository/org/eclipse/jetty/jetty-servlets/9.4.53.v20231009/jetty-servlets-9.4.53.v20231009.jar:/Users/ibnu.muhammad/.m2/repository/org/eclipse/jetty/jetty-continuation/9.4.53.v20231009/jetty-continuation-9.4.53.v20231009.jar:/Users/ibnu.muhammad/.m2/repository/org/eclipse/jetty/jetty-util/9.4.53.v20231009/jetty-util-9.4.53.v20231009.jar:/Users/ibnu.muhammad/.m2/repository/org/eclipse/jetty/jetty-client/9.4.53.v20231009/jetty-client-9.4.53.v20231009.jar:/Users/ibnu.muhammad/.m2/repository/org/reflections/reflections/0.9.12/reflections-0.9.12.jar:/Users/ibnu.muhammad/.m2/repository/org/apache/maven/maven-artifact/3.8.8/maven-artifact-3.8.8.jar:/Users/ibnu.muhammad/.m2/repository/org/codehaus/plexus/plexus-utils/3.3.1/plexus-utils-3.3.1.jar:/Users/ibnu.muhammad/.m2/repository/org/apache/commons/commons-lang3/3.8.1/commons-lang3-3.8.1.jar:/Users/ibnu.muhammad/.m2/repository/io/swagger/core/v3/swagger-annotations/2.2.8/swagger-annotations-2.2.8.jar:/Users/ibnu.muhammad/.m2/repository/org/slf4j/slf4j-api/1.7.36/slf4j-api-1.7.36.jar:/Users/ibnu.muhammad/.m2/repository/io/debezium/debezium-ide-configs/2.6.2.Final/debezium-ide-configs-2.6.2.Final.jar:/Users/ibnu.muhammad/.m2/repository/io/debezium/debezium-checkstyle/2.6.2.Final/debezium-checkstyle-2.6.2.Final.jar:/Users/ibnu.muhammad/.m2/repository/com/puppycrawl/tools/checkstyle/10.1/checkstyle-10.1.jar:/Users/ibnu.muhammad/.m2/repository/info/picocli/picocli/4.6.3/picocli-4.6.3.jar:/Users/ibnu.muhammad/.m2/repository/commons-beanutils/commons-beanutils/1.9.4/commons-beanutils-1.9.4.jar:/Users/ibnu.muhammad/.m2/repository/commons-logging/commons-logging/1.2/commons-logging-1.2.jar:/Users/ibnu.muhammad/.m2/repository/commons-collections/commons-collections/3.2.2/commons-collections-3.2.2.jar:/Users/ibnu.muhammad/.m2/repository/com/google/guava/guava/31.1-jre/guava-31.1-jre.jar:/Users/ibnu.muhammad/.m2/repository/com/google/guava/failureaccess/1.0.1/failureaccess-1.0.1.jar:/Users/ibnu.muhammad/.m2/repository/com/google/guava/listenablefuture/9999.0-empty-to-avoid-conflict-with-guava/listenablefuture-9999.0-empty-to-avoid-conflict-with-guava.jar:/Users/ibnu.muhammad/.m2/repository/com/google/code/findbugs/jsr305/3.0.2/jsr305-3.0.2.jar:/Users/ibnu.muhammad/.m2/repository/com/google/errorprone/error_prone_annotations/2.11.0/error_prone_annotations-2.11.0.jar:/Users/ibnu.muhammad/.m2/repository/com/google/j2objc/j2objc-annotations/1.3/j2objc-annotations-1.3.jar:/Users/ibnu.muhammad/.m2/repository/net/sf/saxon/Saxon-HE/10.6/Saxon-HE-10.6.jar:/Users/ibnu.muhammad/.m2/repository/io/debezium/debezium-assembly-descriptors/2.6.2.Final/debezium-assembly-descriptors-2.6.2.Final.jar:/Users/ibnu.muhammad/.m2/repository/io/debezium/debezium-revapi/2.6.2.Final/debezium-revapi-2.6.2.Final.jar:/Users/ibnu.muhammad/.m2/repository/org/hibernate/orm/hibernate-core/6.2.18.Final/hibernate-core-6.2.18.Final.jar:/Users/ibnu.muhammad/.m2/repository/jakarta/persistence/jakarta.persistence-api/3.1.0/jakarta.persistence-api-3.1.0.jar:/Users/ibnu.muhammad/.m2/repository/jakarta/transaction/jakarta.transaction-api/2.0.1/jakarta.transaction-api-2.0.1.jar:/Users/ibnu.muhammad/.m2/repository/org/jboss/logging/jboss-logging/3.5.0.Final/jboss-logging-3.5.0.Final.jar:/Users/ibnu.muhammad/.m2/repository/org/hibernate/common/hibernate-commons-annotations/6.0.6.Final/hibernate-commons-annotations-6.0.6.Final.jar:/Users/ibnu.muhammad/.m2/repository/io/smallrye/jandex/3.0.5/jandex-3.0.5.jar:/Users/ibnu.muhammad/.m2/repository/com/fasterxml/classmate/1.5.1/classmate-1.5.1.jar:/Users/ibnu.muhammad/.m2/repository/net/bytebuddy/byte-buddy/1.14.7/byte-buddy-1.14.7.jar:/Users/ibnu.muhammad/.m2/repository/jakarta/xml/bind/jakarta.xml.bind-api/4.0.0/jakarta.xml.bind-api-4.0.0.jar:/Users/ibnu.muhammad/.m2/repository/jakarta/activation/jakarta.activation-api/2.1.0/jakarta.activation-api-2.1.0.jar:/Users/ibnu.muhammad/.m2/repository/org/glassfish/jaxb/jaxb-runtime/4.0.2/jaxb-runtime-4.0.2.jar:/Users/ibnu.muhammad/.m2/repository/org/glassfish/jaxb/jaxb-core/4.0.2/jaxb-core-4.0.2.jar:/Users/ibnu.muhammad/.m2/repository/org/eclipse/angus/angus-activation/2.0.0/angus-activation-2.0.0.jar:/Users/ibnu.muhammad/.m2/repository/org/glassfish/jaxb/txw2/4.0.2/txw2-4.0.2.jar:/Users/ibnu.muhammad/.m2/repository/com/sun/istack/istack-commons-runtime/4.1.1/istack-commons-runtime-4.1.1.jar:/Users/ibnu.muhammad/.m2/repository/jakarta/inject/jakarta.inject-api/2.0.1/jakarta.inject-api-2.0.1.jar:/Users/ibnu.muhammad/.m2/repository/org/antlr/antlr4-runtime/4.10.1/antlr4-runtime-4.10.1.jar:/Users/ibnu.muhammad/.m2/repository/org/hibernate/orm/hibernate-c3p0/6.2.18.Final/hibernate-c3p0-6.2.18.Final.jar:/Users/ibnu.muhammad/.m2/repository/com/mchange/c3p0/0.9.5.5/c3p0-0.9.5.5.jar:/Users/ibnu.muhammad/.m2/repository/com/mchange/mchange-commons-java/0.2.19/mchange-commons-java-0.2.19.jar:/Users/ibnu.muhammad/.m2/repository/ch/qos/logback/logback-classic/1.2.13/logback-classic-1.2.13.jar:/Users/ibnu.muhammad/.m2/repository/ch/qos/logback/logback-core/1.2.13/logback-core-1.2.13.jar:/Users/ibnu.muhammad/.m2/repository/org/junit/jupiter/junit-jupiter/5.9.1/junit-jupiter-5.9.1.jar:/Users/ibnu.muhammad/.m2/repository/org/junit/jupiter/junit-jupiter-api/5.9.1/junit-jupiter-api-5.9.1.jar:/Users/ibnu.muhammad/.m2/repository/org/opentest4j/opentest4j/1.2.0/opentest4j-1.2.0.jar:/Users/ibnu.muhammad/.m2/repository/org/junit/platform/junit-platform-commons/1.9.1/junit-platform-commons-1.9.1.jar:/Users/ibnu.muhammad/.m2/repository/org/junit/jupiter/junit-jupiter-params/5.9.1/junit-jupiter-params-5.9.1.jar:/Users/ibnu.muhammad/.m2/repository/org/junit/jupiter/junit-jupiter-engine/5.9.1/junit-jupiter-engine-5.9.1.jar:/Users/ibnu.muhammad/.m2/repository/org/junit/platform/junit-platform-launcher/1.9.3/junit-platform-launcher-1.9.3.jar:/Users/ibnu.muhammad/.m2/repository/org/junit/platform/junit-platform-engine/1.9.3/junit-platform-engine-1.9.3.jar:/Users/ibnu.muhammad/.m2/repository/org/apiguardian/apiguardian-api/1.1.2/apiguardian-api-1.1.2.jar:/Users/ibnu.muhammad/.m2/repository/org/easytesting/fest-assert/1.4/fest-assert-1.4.jar:/Users/ibnu.muhammad/.m2/repository/org/easytesting/fest-util/1.1.6/fest-util-1.1.6.jar:/Users/ibnu.muhammad/.m2/repository/io/debezium/debezium-core/2.6.2.Final/debezium-core-2.6.2.Final-tests.jar:/Users/ibnu.muhammad/.m2/repository/io/debezium/debezium-embedded/2.6.2.Final/debezium-embedded-2.6.2.Final-tests.jar:/Users/ibnu.muhammad/.m2/repository/org/apache/kafka/connect-file/3.7.0/connect-file-3.7.0.jar:/Users/ibnu.muhammad/.m2/repository/io/debezium/debezium-testing-testcontainers/2.6.2.Final/debezium-testing-testcontainers-2.6.2.Final.jar:/Users/ibnu.muhammad/.m2/repository/org/testcontainers/testcontainers/1.19.1/testcontainers-1.19.1.jar:/Users/ibnu.muhammad/.m2/repository/junit/junit/4.13.1/junit-4.13.1.jar:/Users/ibnu.muhammad/.m2/repository/org/hamcrest/hamcrest-core/1.3/hamcrest-core-1.3.jar:/Users/ibnu.muhammad/.m2/repository/org/apache/commons/commons-compress/1.24.0/commons-compress-1.24.0.jar:/Users/ibnu.muhammad/.m2/repository/org/rnorth/duct-tape/duct-tape/1.0.8/duct-tape-1.0.8.jar:/Users/ibnu.muhammad/.m2/repository/org/jetbrains/annotations/17.0.0/annotations-17.0.0.jar:/Users/ibnu.muhammad/.m2/repository/com/github/docker-java/docker-java-api/3.3.3/docker-java-api-3.3.3.jar:/Users/ibnu.muhammad/.m2/repository/com/github/docker-java/docker-java-transport-zerodep/3.3.3/docker-java-transport-zerodep-3.3.3.jar:/Users/ibnu.muhammad/.m2/repository/com/github/docker-java/docker-java-transport/3.3.3/docker-java-transport-3.3.3.jar:/Users/ibnu.muhammad/.m2/repository/net/java/dev/jna/jna/5.12.1/jna-5.12.1.jar:/Users/ibnu.muhammad/.m2/repository/org/testcontainers/kafka/1.19.1/kafka-1.19.1.jar:/Users/ibnu.muhammad/.m2/repository/com/squareup/okhttp3/okhttp/4.8.1/okhttp-4.8.1.jar:/Users/ibnu.muhammad/.m2/repository/com/squareup/okio/okio/2.7.0/okio-2.7.0.jar:/Users/ibnu.muhammad/.m2/repository/org/jetbrains/kotlin/kotlin-stdlib-common/1.3.70/kotlin-stdlib-common-1.3.70.jar:/Users/ibnu.muhammad/.m2/repository/org/jetbrains/kotlin/kotlin-stdlib/1.3.72/kotlin-stdlib-1.3.72.jar:/Users/ibnu.muhammad/.m2/repository/org/awaitility/awaitility/4.0.1/awaitility-4.0.1.jar:/Users/ibnu.muhammad/.m2/repository/org/hamcrest/hamcrest/2.1/hamcrest-2.1.jar:/Users/ibnu.muhammad/.m2/repository/org/testcontainers/mongodb/1.19.1/mongodb-1.19.1.jar:/Users/ibnu.muhammad/.m2/repository/io/quarkus/quarkus-test-common/3.2.11.Final/quarkus-test-common-3.2.11.Final.jar:/Users/ibnu.muhammad/.m2/repository/io/quarkus/quarkus-core-deployment/3.2.11.Final/quarkus-core-deployment-3.2.11.Final.jar:/Users/ibnu.muhammad/.m2/repository/org/aesh/readline/2.4/readline-2.4.jar:/Users/ibnu.muhammad/.m2/repository/org/fusesource/jansi/jansi/2.4.0/jansi-2.4.0.jar:/Users/ibnu.muhammad/.m2/repository/org/aesh/aesh/2.7/aesh-2.7.jar:/Users/ibnu.muhammad/.m2/repository/org/wildfly/common/wildfly-common/1.5.4.Final-format-001/wildfly-common-1.5.4.Final-format-001.jar:/Users/ibnu.muhammad/.m2/repository/io/quarkus/gizmo/gizmo/1.6.1.Final/gizmo-1.6.1.Final.jar:/Users/ibnu.muhammad/.m2/repository/org/ow2/asm/asm-util/9.5/asm-util-9.5.jar:/Users/ibnu.muhammad/.m2/repository/org/ow2/asm/asm-analysis/9.5/asm-analysis-9.5.jar:/Users/ibnu.muhammad/.m2/repository/org/ow2/asm/asm/9.5/asm-9.5.jar:/Users/ibnu.muhammad/.m2/repository/org/ow2/asm/asm-commons/9.5/asm-commons-9.5.jar:/Users/ibnu.muhammad/.m2/repository/org/ow2/asm/asm-tree/9.5/asm-tree-9.5.jar:/Users/ibnu.muhammad/.m2/repository/io/quarkus/quarkus-development-mode-spi/3.2.11.Final/quarkus-development-mode-spi-3.2.11.Final.jar:/Users/ibnu.muhammad/.m2/repository/io/quarkus/quarkus-class-change-agent/3.2.11.Final/quarkus-class-change-agent-3.2.11.Final.jar:/Users/ibnu.muhammad/.m2/repository/io/quarkus/quarkus-bootstrap-core/3.2.11.Final/quarkus-bootstrap-core-3.2.11.Final.jar:/Users/ibnu.muhammad/.m2/repository/io/smallrye/common/smallrye-common-io/2.1.0/smallrye-common-io-2.1.0.jar:/Users/ibnu.muhammad/.m2/repository/io/quarkus/quarkus-devtools-utilities/3.2.11.Final/quarkus-devtools-utilities-3.2.11.Final.jar:/Users/ibnu.muhammad/.m2/repository/org/eclipse/sisu/org.eclipse.sisu.inject/0.3.5/org.eclipse.sisu.inject-0.3.5.jar:/Users/ibnu.muhammad/.m2/repository/io/quarkus/quarkus-core/3.2.11.Final/quarkus-core-3.2.11.Final.jar:/Users/ibnu.muhammad/.m2/repository/jakarta/enterprise/jakarta.enterprise.cdi-api/4.0.1/jakarta.enterprise.cdi-api-4.0.1.jar:/Users/ibnu.muhammad/.m2/repository/jakarta/enterprise/jakarta.enterprise.lang-model/4.0.1/jakarta.enterprise.lang-model-4.0.1.jar:/Users/ibnu.muhammad/.m2/repository/jakarta/el/jakarta.el-api/5.0.0/jakarta.el-api-5.0.0.jar:/Users/ibnu.muhammad/.m2/repository/jakarta/interceptor/jakarta.interceptor-api/2.1.0/jakarta.interceptor-api-2.1.0.jar:/Users/ibnu.muhammad/.m2/repository/io/smallrye/common/smallrye-common-os/2.1.0/smallrye-common-os-2.1.0.jar:/Users/ibnu.muhammad/.m2/repository/io/quarkus/quarkus-ide-launcher/3.2.11.Final/quarkus-ide-launcher-3.2.11.Final.jar:/Users/ibnu.muhammad/.m2/repository/io/smallrye/config/smallrye-config/3.3.2/smallrye-config-3.3.2.jar:/Users/ibnu.muhammad/.m2/repository/io/smallrye/config/smallrye-config-core/3.3.2/smallrye-config-core-3.3.2.jar:/Users/ibnu.muhammad/.m2/repository/org/eclipse/microprofile/config/microprofile-config-api/3.0.2/microprofile-config-api-3.0.2.jar:/Users/ibnu.muhammad/.m2/repository/io/smallrye/common/smallrye-common-annotation/2.1.0/smallrye-common-annotation-2.1.0.jar:/Users/ibnu.muhammad/.m2/repository/io/smallrye/common/smallrye-common-expression/2.1.0/smallrye-common-expression-2.1.0.jar:/Users/ibnu.muhammad/.m2/repository/io/smallrye/common/smallrye-common-function/2.1.0/smallrye-common-function-2.1.0.jar:/Users/ibnu.muhammad/.m2/repository/io/smallrye/common/smallrye-common-classloader/2.1.0/smallrye-common-classloader-2.1.0.jar:/Users/ibnu.muhammad/.m2/repository/io/smallrye/config/smallrye-config-common/3.3.2/smallrye-config-common-3.3.2.jar:/Users/ibnu.muhammad/.m2/repository/org/jboss/logging/jboss-logging-annotations/2.2.1.Final/jboss-logging-annotations-2.2.1.Final.jar:/Users/ibnu.muhammad/.m2/repository/org/jboss/threads/jboss-threads/3.5.0.Final/jboss-threads-3.5.0.Final.jar:/Users/ibnu.muhammad/.m2/repository/io/quarkus/quarkus-bootstrap-runner/3.2.11.Final/quarkus-bootstrap-runner-3.2.11.Final.jar:/Users/ibnu.muhammad/.m2/repository/io/github/crac/org-crac/0.1.3/org-crac-0.1.3.jar:/Users/ibnu.muhammad/.m2/repository/io/quarkus/quarkus-builder/3.2.11.Final/quarkus-builder-3.2.11.Final.jar:/Users/ibnu.muhammad/.m2/repository/org/graalvm/sdk/graal-sdk/23.0.1/graal-sdk-23.0.1.jar:/Users/ibnu.muhammad/.m2/repository/io/quarkus/quarkus-bootstrap-maven-resolver/3.2.11.Final/quarkus-bootstrap-maven-resolver-3.2.11.Final.jar:/Users/ibnu.muhammad/.m2/repository/io/smallrye/beanbag/smallrye-beanbag-maven/1.3.2/smallrye-beanbag-maven-1.3.2.jar:/Users/ibnu.muhammad/.m2/repository/io/smallrye/beanbag/smallrye-beanbag-sisu/1.3.2/smallrye-beanbag-sisu-1.3.2.jar:/Users/ibnu.muhammad/.m2/repository/io/smallrye/beanbag/smallrye-beanbag/1.3.2/smallrye-beanbag-1.3.2.jar:/Users/ibnu.muhammad/.m2/repository/io/smallrye/common/smallrye-common-constraint/2.1.0/smallrye-common-constraint-2.1.0.jar:/Users/ibnu.muhammad/.m2/repository/commons-codec/commons-codec/1.15/commons-codec-1.15.jar:/Users/ibnu.muhammad/.m2/repository/javax/inject/javax.inject/1/javax.inject-1.jar:/Users/ibnu.muhammad/.m2/repository/org/apache/httpcomponents/httpclient/4.5.14/httpclient-4.5.14.jar:/Users/ibnu.muhammad/.m2/repository/org/apache/httpcomponents/httpcore/4.4.16/httpcore-4.4.16.jar:/Users/ibnu.muhammad/.m2/repository/org/apache/maven/maven-builder-support/3.9.2/maven-builder-support-3.9.2.jar:/Users/ibnu.muhammad/.m2/repository/org/apache/maven/maven-model/3.9.2/maven-model-3.9.2.jar:/Users/ibnu.muhammad/.m2/repository/org/apache/maven/maven-model-builder/3.9.2/maven-model-builder-3.9.2.jar:/Users/ibnu.muhammad/.m2/repository/org/apache/maven/maven-repository-metadata/3.9.2/maven-repository-metadata-3.9.2.jar:/Users/ibnu.muhammad/.m2/repository/org/apache/maven/maven-settings/3.9.2/maven-settings-3.9.2.jar:/Users/ibnu.muhammad/.m2/repository/org/apache/maven/resolver/maven-resolver-api/1.9.10/maven-resolver-api-1.9.10.jar:/Users/ibnu.muhammad/.m2/repository/org/apache/maven/resolver/maven-resolver-impl/1.9.10/maven-resolver-impl-1.9.10.jar:/Users/ibnu.muhammad/.m2/repository/org/apache/maven/resolver/maven-resolver-named-locks/1.9.10/maven-resolver-named-locks-1.9.10.jar:/Users/ibnu.muhammad/.m2/repository/org/apache/maven/resolver/maven-resolver-spi/1.9.10/maven-resolver-spi-1.9.10.jar:/Users/ibnu.muhammad/.m2/repository/org/apache/maven/resolver/maven-resolver-util/1.9.10/maven-resolver-util-1.9.10.jar:/Users/ibnu.muhammad/.m2/repository/org/apache/maven/resolver/maven-resolver-transport-http/1.9.10/maven-resolver-transport-http-1.9.10.jar:/Users/ibnu.muhammad/.m2/repository/org/apache/maven/wagon/wagon-provider-api/3.5.3/wagon-provider-api-3.5.3.jar:/Users/ibnu.muhammad/.m2/repository/org/apache/maven/wagon/wagon-http-shared/3.5.3/wagon-http-shared-3.5.3.jar:/Users/ibnu.muhammad/.m2/repository/org/codehaus/plexus/plexus-interpolation/1.26/plexus-interpolation-1.26.jar:/Users/ibnu.muhammad/.m2/repository/org/codehaus/plexus/plexus-xml/4.0.0/plexus-xml-4.0.0.jar:/Users/ibnu.muhammad/.m2/repository/org/apache/maven/maven-xml-impl/4.0.0-alpha-5/maven-xml-impl-4.0.0-alpha-5.jar:/Users/ibnu.muhammad/.m2/repository/org/apache/maven/maven-api-xml/4.0.0-alpha-5/maven-api-xml-4.0.0-alpha-5.jar:/Users/ibnu.muhammad/.m2/repository/org/apache/maven/maven-api-meta/4.0.0-alpha-5/maven-api-meta-4.0.0-alpha-5.jar:/Users/ibnu.muhammad/.m2/repository/org/codehaus/plexus/plexus-cipher/2.0/plexus-cipher-2.0.jar:/Users/ibnu.muhammad/.m2/repository/org/codehaus/plexus/plexus-sec-dispatcher/2.0/plexus-sec-dispatcher-2.0.jar:/Users/ibnu.muhammad/.m2/repository/io/quarkus/quarkus-bootstrap-app-model/3.2.11.Final/quarkus-bootstrap-app-model-3.2.11.Final.jar:/Users/ibnu.muhammad/.m2/repository/io/quarkus/quarkus-fs-util/0.0.9/quarkus-fs-util-0.0.9.jar:/Users/ibnu.muhammad/.m2/repository/org/jboss/logmanager/jboss-logmanager-embedded/1.0.11/jboss-logmanager-embedded-1.0.11.jar:/Users/ibnu.muhammad/.m2/repository/org/apache/maven/maven-embedder/3.9.3/maven-embedder-3.9.3.jar:/Users/ibnu.muhammad/.m2/repository/org/apache/maven/maven-core/3.9.3/maven-core-3.9.3.jar:/Users/ibnu.muhammad/.m2/repository/org/codehaus/plexus/plexus-component-annotations/2.1.0/plexus-component-annotations-2.1.0.jar:/Users/ibnu.muhammad/.m2/repository/org/apache/maven/maven-plugin-api/3.9.3/maven-plugin-api-3.9.3.jar:/Users/ibnu.muhammad/.m2/repository/org/apache/maven/shared/maven-shared-utils/3.3.4/maven-shared-utils-3.3.4.jar:/Users/ibnu.muhammad/.m2/repository/com/google/inject/guice/5.1.0/guice-5.1.0.jar:/Users/ibnu.muhammad/.m2/repository/aopalliance/aopalliance/1.0/aopalliance-1.0.jar:/Users/ibnu.muhammad/.m2/repository/javax/annotation/javax.annotation-api/1.3.2/javax.annotation-api-1.3.2.jar:/Users/ibnu.muhammad/.m2/repository/org/codehaus/plexus/plexus-classworlds/2.7.0/plexus-classworlds-2.7.0.jar:/Users/ibnu.muhammad/.m2/repository/commons-cli/commons-cli/1.5.0/commons-cli-1.5.0.jar:/Users/ibnu.muhammad/.m2/repository/org/eclipse/sisu/org.eclipse.sisu.plexus/0.3.5/org.eclipse.sisu.plexus-0.3.5.jar:/Users/ibnu.muhammad/.m2/repository/org/apache/maven/maven-settings-builder/3.9.3/maven-settings-builder-3.9.3.jar:/Users/ibnu.muhammad/.m2/repository/org/apache/maven/maven-resolver-provider/3.9.3/maven-resolver-provider-3.9.3.jar:/Users/ibnu.muhammad/.m2/repository/org/apache/maven/resolver/maven-resolver-connector-basic/1.9.13/maven-resolver-connector-basic-1.9.13.jar:/Users/ibnu.muhammad/.m2/repository/org/apache/maven/resolver/maven-resolver-transport-wagon/1.9.13/maven-resolver-transport-wagon-1.9.13.jar:/Users/ibnu.muhammad/.m2/repository/org/apache/maven/wagon/wagon-http/3.5.3/wagon-http-3.5.3.jar:/Users/ibnu.muhammad/.m2/repository/org/apache/maven/wagon/wagon-file/3.5.3/wagon-file-3.5.3.jar:/Users/ibnu.muhammad/.m2/repository/io/quarkus/quarkus-bootstrap-gradle-resolver/3.2.11.Final/quarkus-bootstrap-gradle-resolver-3.2.11.Final.jar:/Users/ibnu.muhammad/.m2/repository/commons-io/commons-io/2.13.0/commons-io-2.13.0.jar:/Users/ibnu.muhammad/.m2/repository/org/jboss/logging/commons-logging-jboss-logging/1.0.0.Final/commons-logging-jboss-logging-1.0.0.Final.jar:/Users/ibnu.muhammad/.m2/repository/org/testcontainers/mysql/1.19.1/mysql-1.19.1.jar:/Users/ibnu.muhammad/.m2/repository/org/testcontainers/jdbc/1.19.1/jdbc-1.19.1.jar:/Users/ibnu.muhammad/.m2/repository/org/testcontainers/database-commons/1.19.1/database-commons-1.19.1.jar:/Users/ibnu.muhammad/.m2/repository/org/testcontainers/postgresql/1.19.1/postgresql-1.19.1.jar:/Users/ibnu.muhammad/.m2/repository/org/testcontainers/mssqlserver/1.19.1/mssqlserver-1.19.1.jar:/Users/ibnu.muhammad/.m2/repository/org/testcontainers/db2/1.19.1/db2-1.19.1.jar:/Users/ibnu.muhammad/.m2/repository/org/testcontainers/oracle-xe/1.19.1/oracle-xe-1.19.1.jar:/Users/ibnu.muhammad/.m2/repository/org/assertj/assertj-db/2.0.2/assertj-db-2.0.2.jar:/Users/ibnu.muhammad/.m2/repository/org/mockito/mockito-core/3.0.0/mockito-core-3.0.0.jar:/Users/ibnu.muhammad/.m2/repository/net/bytebuddy/byte-buddy-agent/1.9.10/byte-buddy-agent-1.9.10.jar:/Users/ibnu.muhammad/.m2/repository/org/objenesis/objenesis/2.6/objenesis-2.6.jar:/Users/ibnu.muhammad/.m2/repository/org/assertj/assertj-core/3.11.1/assertj-core-3.11.1.jar:/Users/ibnu.muhammad/.m2/repository/com/mysql/mysql-connector-j/8.3.0/mysql-connector-j-8.3.0.jar:/Users/ibnu.muhammad/.m2/repository/org/postgresql/postgresql/42.6.1/postgresql-42.6.1.jar:/Users/ibnu.muhammad/.m2/repository/org/checkerframework/checker-qual/3.31.0/checker-qual-3.31.0.jar:/Users/ibnu.muhammad/.m2/repository/com/microsoft/sqlserver/mssql-jdbc/12.4.2.jre8/mssql-jdbc-12.4.2.jre8.jar:/Users/ibnu.muhammad/.m2/repository/com/ibm/db2/jcc/11.5.0.0/jcc-11.5.0.0.jar:/Users/ibnu.muhammad/.m2/repository/com/oracle/database/jdbc/ojdbc8/21.11.0.0/ojdbc8-21.11.0.0.jar:"/>
    <property name="sun.cpu.endian" value="little"/>
    <property name="user.home" value="/Users/ibnu.muhammad"/>
    <property name="user.language" value="en"/>
    <property name="java.specification.vendor" value="Oracle Corporation"/>
    <property name="java.version.date" value="2024-04-16"/>
    <property name="java.home" value="/opt/homebrew/Cellar/openjdk@21/21.0.3/libexec/openjdk.jdk/Contents/Home"/>
    <property name="file.separator" value="/"/>
    <property name="basedir" value="/Users/ibnu.muhammad/Documents/github/ibnummuhammad/debezium-connector-jdbc"/>
    <property name="java.vm.compressedOopsMode" value="Zero based"/>
    <property name="line.separator" value="&#10;"/>
    <property name="java.vm.specification.vendor" value="Oracle Corporation"/>
    <property name="java.specification.name" value="Java Platform API Specification"/>
    <property name="java.awt.headless" value="true"/>
    <property name="apple.awt.application.name" value="ForkedBooter"/>
    <property name="surefire.real.class.path" value="/Users/ibnu.muhammad/Documents/github/ibnummuhammad/debezium-connector-jdbc/target/surefire/surefirebooter-20240803155654958_3.jar"/>
    <property name="sun.management.compiler" value="HotSpot 64-Bit Tiered Compilers"/>
    <property name="ftp.nonProxyHosts" value="local|*.local|169.254/16|*.169.254/16"/>
    <property name="java.runtime.version" value="21.0.3"/>
    <property name="user.name" value="ibnu.muhammad"/>
    <property name="stdout.encoding" value="UTF-8"/>
    <property name="path.separator" value=":"/>
    <property name="os.version" value="14.5"/>
    <property name="java.runtime.name" value="OpenJDK Runtime Environment"/>
    <property name="file.encoding" value="UTF-8"/>
    <property name="java.vm.name" value="OpenJDK 64-Bit Server VM"/>
    <property name="java.vendor.version" value="Homebrew"/>
    <property name="localRepository" value="/Users/ibnu.muhammad/.m2/repository"/>
    <property name="java.vendor.url.bug" value="https://github.com/Homebrew/homebrew-core/issues"/>
    <property name="java.io.tmpdir" value="/Users/ibnu.muhammad/Documents/github/ibnummuhammad/debezium-connector-jdbc/target"/>
    <property name="java.version" value="21.0.3"/>
    <property name="user.dir" value="/Users/ibnu.muhammad/Documents/github/ibnummuhammad/debezium-connector-jdbc"/>
    <property name="os.arch" value="aarch64"/>
    <property name="java.vm.specification.name" value="Java Virtual Machine Specification"/>
    <property name="failFlakyTests" value="true"/>
    <property name="native.encoding" value="UTF-8"/>
    <property name="java.library.path" value="/Users/ibnu.muhammad/Library/Java/Extensions:/Library/Java/Extensions:/Network/Library/Java/Extensions:/System/Library/Java/Extensions:/usr/lib/java:."/>
    <property name="java.vm.info" value="mixed mode, sharing"/>
    <property name="stderr.encoding" value="UTF-8"/>
    <property name="java.vendor" value="Homebrew"/>
    <property name="java.vm.version" value="21.0.3"/>
    <property name="sun.io.unicode.encoding" value="UnicodeBig"/>
    <property name="socksNonProxyHosts" value="local|*.local|169.254/16|*.169.254/16"/>
    <property name="java.class.version" value="65.0"/>
  </properties>
  <testcase name="testNonDefaultPrimaryKeyFieldsProperty" classname="io.debezium.connector.jdbc.JdbcSinkConnectorConfigTest" time="0.005"/>
  <testcase name="testNonDefaultDeleteEnabledPropertyWithPrimaryKeyModeRecordKey" classname="io.debezium.connector.jdbc.JdbcSinkConnectorConfigTest" time="0.001"/>
  <testcase name="testNonDefaultSqlSelverIdentityTableNamesProperty" classname="io.debezium.connector.jdbc.JdbcSinkConnectorConfigTest" time="0.001"/>
  <testcase name="testMissingRequiredConfigurationPropertiesFail" classname="io.debezium.connector.jdbc.JdbcSinkConnectorConfigTest" time="0.003">
    <system-out><![CDATA[2024-08-03 15:56:55,459 ERROR  ||  The 'connection.url' value is invalid: A value is required   [io.debezium.connector.jdbc.JdbcSinkConnectorConfigTest]
2024-08-03 15:56:55,460 ERROR  ||  The 'connection.username' value is invalid: A value is required   [io.debezium.connector.jdbc.JdbcSinkConnectorConfigTest]
2024-08-03 15:56:55,460 ERROR  ||  The 'connection.password' value is invalid: A value is required   [io.debezium.connector.jdbc.JdbcSinkConnectorConfigTest]
]]></system-out>
  </testcase>
  <testcase name="testOverrideHibernateConfigurationProperties" classname="io.debezium.connector.jdbc.JdbcSinkConnectorConfigTest" time="0.055"/>
  <testcase name="testNonDefaultDeleteEnabledPropertyWithPrimaryKeyModeNotRecordKey" classname="io.debezium.connector.jdbc.JdbcSinkConnectorConfigTest" time="0.0">
    <system-out><![CDATA[2024-08-03 15:56:55,516 ERROR  ||  When 'delete.enabled' is set to 'true', the 'primary.key.mode' option must be set to 'record_key'.   [io.debezium.connector.jdbc.JdbcSinkConnectorTask]
]]></system-out>
  </testcase>
  <testcase name="testNonDefaultPrimaryKeyModeProperty" classname="io.debezium.connector.jdbc.JdbcSinkConnectorConfigTest" time="0.001"/>
  <testcase name="testNonDefaultInsertModeProperty" classname="io.debezium.connector.jdbc.JdbcSinkConnectorConfigTest" time="0.001">
    <system-out><![CDATA[2024-08-03 15:56:55,518 ERROR  ||  When using UPSERT, please define 'primary.key.mode' and 'primary.key.fields'.   [io.debezium.connector.jdbc.JdbcSinkConnectorTask]
]]></system-out>
  </testcase>
  <testcase name="testNonDefaultTableNameFormatProperty" classname="io.debezium.connector.jdbc.JdbcSinkConnectorConfigTest" time="0.0"/>
</testsuite>